0 verbose cli C:\Program Files\nodejs\node.exe C:\Program Files\nodejs\node_modules\npm\bin\npm-cli.js
1 info using npm@11.11.0
2 info using node@v24.14.1
3 silly config load:file:C:\Program Files\nodejs\node_modules\npm\npmrc
4 silly config load:file:D:\workspaces\AI Test Local Web\runs\compare-2026-07-06T06-28-56-958Z\.npmrc
5 silly config load:file:C:\Users\admin\.npmrc
6 silly config load:file:C:\Users\admin\AppData\Roaming\npm\etc\npmrc
7 verbose title npm install playwright
8 verbose argv "install" "playwright" "--cache" ".\\.npm-cache"
9 verbose logfile logs-max:10 dir:D:\workspaces\AI Test Local Web\runs\compare-2026-07-06T06-28-56-958Z\.npm-cache\_logs\2026-07-06T06_29_55_864Z-
10 verbose logfile D:\workspaces\AI Test Local Web\runs\compare-2026-07-06T06-28-56-958Z\.npm-cache\_logs\2026-07-06T06_29_55_864Z-debug-0.log
11 silly logfile done cleaning log files
12 silly packumentCache heap:4496293888 maxSize:1124073472 maxEntrySize:562036736
13 silly idealTree buildDeps
14 silly fetch manifest playwright@*
15 silly packumentCache full:https://registry.npmjs.org/playwright cache-miss
16 http fetch GET 200 https://registry.npmjs.org/npm 259ms
17 http fetch GET 200 https://registry.npmjs.org/playwright 513ms (cache miss)
18 silly packumentCache full:https://registry.npmjs.org/playwright set size:undefined disposed:false
19 silly placeDep ROOT playwright@1.61.1 OK for: compare-2026-07-06t06-28-56-958z@1.0.0 want: *
20 silly fetch manifest playwright-core@1.61.1
21 silly packumentCache full:https://registry.npmjs.org/playwright-core cache-miss
22 silly fetch manifest fsevents@2.3.2
23 silly packumentCache full:https://registry.npmjs.org/fsevents cache-miss
24 http fetch GET 200 https://registry.npmjs.org/fsevents 62ms (cache miss)
25 silly packumentCache full:https://registry.npmjs.org/fsevents set size:undefined disposed:false
26 http fetch GET 200 https://registry.npmjs.org/playwright-core 360ms (cache miss)
27 silly packumentCache full:https://registry.npmjs.org/playwright-core set size:undefined disposed:false
28 silly placeDep ROOT fsevents@2.3.2 OK for: playwright@1.61.1 want: 2.3.2
29 silly placeDep ROOT playwright-core@1.61.1 OK for: playwright@1.61.1 want: 1.61.1
30 silly reify moves {}
31 silly audit bulk request {
31 silly audit   playwright: [ '1.61.1' ],
31 silly audit   fsevents: [ '2.3.2' ],
31 silly audit   'playwright-core': [ '1.61.1' ]
31 silly audit }
32 http cache playwright@https://registry.npmjs.org/playwright/-/playwright-1.61.1.tgz 1ms (cache hit)
33 http cache playwright-core@https://registry.npmjs.org/playwright-core/-/playwright-core-1.61.1.tgz 1ms (cache hit)
34 silly tarball no local data for playwright@https://registry.npmjs.org/playwright/-/playwright-1.61.1.tgz. Extracting by manifest.
35 silly tarball no local data for playwright-core@https://registry.npmjs.org/playwright-core/-/playwright-core-1.61.1.tgz. Extracting by manifest.
36 http fetch GET 200 https://registry.npmjs.org/playwright/-/playwright-1.61.1.tgz 149ms (cache miss)
37 http fetch POST 200 https://registry.npmjs.org/-/npm/v1/security/advisories/bulk 207ms
38 silly audit report {}
39 http fetch GET 200 https://registry.npmjs.org/playwright-core/-/playwright-core-1.61.1.tgz 371ms (cache miss)
40 silly ADD node_modules/playwright-core
41 silly ADD node_modules/playwright
42 verbose cwd D:\workspaces\AI Test Local Web\runs\compare-2026-07-06T06-28-56-958Z
43 verbose os Windows_NT 10.0.26200
44 verbose node v24.14.1
45 verbose npm  v11.11.0
46 notice
46 notice New minor version of npm available! 11.11.0 -> 11.18.0
46 notice Changelog: https://github.com/npm/cli/releases/tag/v11.18.0
46 notice To update run: npm install -g npm@11.18.0
46 notice  { force: true, Symbol(proc-log.meta): true }
47 verbose exit 0
48 info ok
